{
  "RSpec": {
    "coverage": {
      "/mnt/c/Users/LeoShr/p_space/NTHU/Security/0616 Lecture/DFans-api/spec/test_load_all.rb": [
        null,
        null,
        1,
        1,
        null,
        0,
        0,
        null,
        null,
        0,
        0,
        0,
        null
      ],
      "/mnt/c/Users/LeoShr/p_space/NTHU/Security/0616 Lecture/DFans-api/require_app.rb": [
        null,
        null,
        null,
        null,
        null,
        null,
        null,
        null,
        null,
        1,
        8,
        2,
        null,
        2,
        15,
        null,
        null
      ],
      "/mnt/c/Users/LeoShr/p_space/NTHU/Security/0616 Lecture/DFans-api/config/environments.rb": [
        null,
        null,
        1,
        1,
        1,
        1,
        1,
        null,
        1,
        null,
        1,
        1,
        null,
        null,
        1,
        null,
        1,
        null,
        null,
        null,
        1,
        1,
        0,
        null,
        null,
        null,
        1,
        1,
        1,
        0,
        null,
        null,
        1,
        1,
        1,
        null,
        null,
        null,
        1,
        1,
        null,
        null,
        null,
        1,
        1,
        1,
        null,
        null,
        null
      ],
      "/mnt/c/Users/LeoShr/p_space/NTHU/Security/0616 Lecture/DFans-api/app/lib/auth_scope.rb": [
        null,
        null,
        null,
        1,
        1,
        1,
        1,
        1,
        1,
        1,
        1,
        null,
        1,
        0,
        0,
        0,
        null,
        null,
        1,
        0,
        null,
        null,
        1,
        0,
        null,
        null,
        1,
        0,
        null,
        null,
        1,
        null,
        1,
        0,
        null,
        null,
        1,
        0,
        null,
        null,
        1,
        0,
        null,
        null,
        1,
        0,
        0,
        0,
        null,
        null
      ],
      "/mnt/c/Users/LeoShr/p_space/NTHU/Security/0616 Lecture/DFans-api/app/lib/auth_token.rb": [
        null,
        null,
        1,
        1,
        1,
        null,
        null,
        null,
        null,
        null,
        null,
        1,
        1,
        null,
        1,
        1,
        1,
        1,
        1,
        null,
        1,
        1,
        null,
        null,
        1,
        0,
        0,
        0,
        0,
        0,
        null,
        null,
        null,
        1,
        0,
        null,
        0,
        null,
        null,
        null,
        1,
        0,
        null,
        null,
        null,
        1,
        0,
        null,
        null,
        1,
        0,
        null,
        null,
        1,
        0,
        null,
        null,
        null,
        1,
        0,
        null,
        null,
        null,
        null,
        null,
        null,
        null,
        1,
        0,
        null,
        0,
        0,
        0,
        null,
        null,
        null,
        1,
        0,
        null,
        0,
        0,
        0,
        null,
        0,
        null,
        null,
        1,
        0,
        null,
        null
      ],
      "/mnt/c/Users/LeoShr/p_space/NTHU/Security/0616 Lecture/DFans-api/app/lib/securable.rb": [
        null,
        null,
        1,
        1,
        null,
        null,
        1,
        1,
        null,
        null,
        1,
        0,
        0,
        null,
        null,
        null,
        1,
        2,
        null,
        2,
        null,
        null,
        1,
        0,
        null,
        null,
        null,
        1,
        0,
        0,
        null,
        null,
        null,
        1,
        0,
        0,
        null,
        null
      ],
      "/mnt/c/Users/LeoShr/p_space/NTHU/Security/0616 Lecture/DFans-api/app/lib/json_request_body.rb": [
        null,
        null,
        null,
        1,
        1,
        0,
        null,
        null
      ],
      "/mnt/c/Users/LeoShr/p_space/NTHU/Security/0616 Lecture/DFans-api/app/lib/key_stretch.rb": [
        null,
        null,
        1,
        1,
        null,
        null,
        1,
        1,
        0,
        null,
        null,
        1,
        0,
        0,
        0,
        null,
        0,
        null,
        null,
        null,
        null,
        null
      ],
      "/mnt/c/Users/LeoShr/p_space/NTHU/Security/0616 Lecture/DFans-api/app/lib/secure_db.rb": [
        null,
        null,
        1,
        null,
        null,
        1,
        1,
        null,
        null,
        1,
        0,
        null,
        0,
        0,
        null,
        null,
        null,
        1,
        0,
        null,
        0,
        0,
        null,
        null
      ],
      "/mnt/c/Users/LeoShr/p_space/NTHU/Security/0616 Lecture/DFans-api/app/models/account.rb": [
        null,
        null,
        1,
        1,
        1,
        null,
        1,
        null,
        1,
        0,
        0,
        null,
        null,
        null,
        null,
        0,
        null,
        null,
        null,
        0,
        0,
        null,
        0,
        null,
        0,
        0,
        null,
        null,
        null,
        0,
        0,
        null,
        null,
        0,
        0,
        null,
        null,
        0,
        0,
        0,
        null,
        null,
        0,
        0,
        null,
        null,
        null,
        null,
        null,
        null,
        null,
        null,
        null,
        null,
        null
      ],
      "/mnt/c/Users/LeoShr/p_space/NTHU/Security/0616 Lecture/DFans-api/app/models/password.rb": [
        null,
        null,
        1,
        1,
        null,
        1,
        null,
        1,
        1,
        null,
        1,
        0,
        0,
        null,
        null,
        1,
        0,
        0,
        null,
        null,
        1,
        0,
        null,
        null,
        null,
        null,
        1,
        null,
        1,
        0,
        0,
        0,
        null,
        null,
        1,
        0,
        0,
        0,
        0,
        null,
        null,
        null
      ]
    },
    "timestamp": 1655646160
  }
}
